[35m[Appium][39m Welcome to Appium v1.16.0
[35m[Appium][39m Non-default server args:
[35m[Appium][39m   port: 52884
[35m[Appium][39m   loglevel: info
[35m[Appium][39m   chromeDriverPort: 52885
[35m[Appium][39m   tmpDir: /var/folders/pj/tdgwyxh90y759nk534c9prjc0000gn/T//Katalon/Appium/Temp1594798462281
[35m[Appium][39m Appium REST http interface listener started on 0.0.0.0:52884
[35m[HTTP][39m [37m-->[39m [37mGET[39m [37m/wd/hub/status[39m
[35m[HTTP][39m [90m{}[39m
[35m[HTTP][39m [37m<-- GET /wd/hub/status [39m[32m200[39m [90m5 ms - 68[39m
[35m[HTTP][39m [90m[39m
[35m[HTTP][39m [37m-->[39m [37mGET[39m [37m/wd/hub/status[39m
[35m[HTTP][39m [90m{}[39m
[35m[HTTP][39m [37m<-- GET /wd/hub/status [39m[32m200[39m [90m1 ms - 68[39m
[35m[HTTP][39m [90m[39m
[35m[HTTP][39m [37m-->[39m [37mPOST[39m [37m/wd/hub/session[39m
[35m[HTTP][39m [90m{"desiredCapabilities":{"app":"/Users/mosaj/katalon/APK/app-uat-universal-release.apk","noReset":true,"appWaitActivity":"*","appWaitPackage":"","deviceId":"ce081718d42540880c","deviceName":"samsung SM-G930F (Android 8.0.0)","fullReset":false,"platform":"ANDROID","newCommandTimeout":1800,"platformVersion":"8.0.0","automationName":"uiautomator2","autoGrantPermissions":true,"platformName":"Android","udid":"ce081718d42540880c","systemPort":52897},"capabilities":{"firstMatch":[{"appium:app":"/Users/mosaj/katalon/APK/app-uat-universal-release.apk","appium:appWaitActivity":"*","appium:appWaitPackage":"","appium:autoGrantPermissions":true,"appium:automationName":"uiautomator2","deviceId":"ce081718d42540880c","appium:deviceName":"samsung SM-G930F (Android 8.0.0)","appium:fullReset":false,"appium:newCommandTimeout":1800,"appium:noReset":true,"platform":"ANDROID","platformName":"android","appium:platformVersion":"8.0.0","appium:systemPort":52897,"appium:udid":"ce081718d42540880c"}]}}[39m
[35m[BaseDriver][39m The capabilities ["deviceId","platform"] are not standard capabilities and should have an extension prefix
[35m[Appium][39m Appium v1.16.0 creating new AndroidUiautomator2Driver (v1.40.0) session
[35m[BaseDriver][39m The following capabilities were provided, but are not recognized by Appium:
[35m[BaseDriver][39m   deviceId
[35m[BaseDriver][39m   platform
[35m[BaseDriver][39m Session created with session id: c22a2822-1027-41c1-ad61-a7394a07477f
[35m[BaseDriver][39m Using local app '/Users/mosaj/katalon/APK/app-uat-universal-release.apk'
[35m[ADB][39m Found 1 'build-tools' folders under '/Users/mosaj/.katalon/tools/android_sdk' (newest first):
[35m[ADB][39m     /Users/mosaj/.katalon/tools/android_sdk/build-tools/29.0.3
[35m[ADB][39m Using 'adb' from '/Users/mosaj/.katalon/tools/android_sdk/platform-tools/adb'
[35m[AndroidDriver][39m Retrieving device list
[35m[AndroidDriver][39m Using device: ce081718d42540880c
[35m[ADB][39m Using 'adb' from '/Users/mosaj/.katalon/tools/android_sdk/platform-tools/adb'
[35m[ADB][39m Package name: 'com.maybank2u.life.uat'
[35m[ADB][39m Main activity name: 'com.maybank2u.life.SplashActivity'
[35m[ADB][39m Using 'apksigner' from '/Users/mosaj/.katalon/tools/android_sdk/build-tools/29.0.3/apksigner'
[35m[UiAutomator2][39m Server packages are not going to be (re)installed
[35m[UiAutomator2][39m Starting UIAutomator2 server 4.5.2
[35m[UiAutomator2][39m Using UIAutomator2 server from '/usr/local/lib/node_modules/appium/node_modules/appium-uiautomator2-server/apks/appium-uiautomator2-server-v4.5.2.apk' and test from '/usr/local/lib/node_modules/appium/node_modules/appium-uiautomator2-server/apks/appium-uiautomator2-server-debug-androidTest.apk'
[35m[UiAutomator2][39m Waiting up to 30000ms for UiAutomator2 to be online...
[35m[WD Proxy][39m Got an unexpected response with status undefined: {"code":"ECONNRESET"}
[35m[WD Proxy][39m Got an unexpected response with status undefined: {"code":"ECONNRESET"}
[35m[WD Proxy][39m Determined the downstream protocol as 'W3C'
[35m[AndroidDriver][39m Screen already unlocked, doing nothing
[35m[UiAutomator2][39m Starting 'com.maybank2u.life.uat/com.maybank2u.life.SplashActivity and waiting for 'com.maybank2u.life.uat/*'
[35m[Appium][39m New AndroidUiautomator2Driver session created successfully, session c22a2822-1027-41c1-ad61-a7394a07477f added to master session list
[35m[HTTP][39m [37m<-- POST /wd/hub/session [39m[32m200[39m [90m23242 ms - 1397[39m
[35m[HTTP][39m [90m[39m
[35m[HTTP][39m [37m-->[39m [37mGET[39m [37m/wd/hub/session/c22a2822-1027-41c1-ad61-a7394a07477f[39m
[35m[HTTP][39m [90m{}[39m
[35m[HTTP][39m [37m<-- GET /wd/hub/session/c22a2822-1027-41c1-ad61-a7394a07477f [39m[32m200[39m [90m15 ms - 1329[39m
[35m[HTTP][39m [90m[39m
[35m[HTTP][39m [37m-->[39m [37mGET[39m [37m/wd/hub/session/c22a2822-1027-41c1-ad61-a7394a07477f[39m
[35m[HTTP][39m [90m{}[39m
[35m[HTTP][39m [37m<-- GET /wd/hub/session/c22a2822-1027-41c1-ad61-a7394a07477f [39m[32m200[39m [90m12 ms - 1329[39m
[35m[HTTP][39m [90m[39m
[35m[HTTP][39m [37m-->[39m [37mGET[39m [37m/wd/hub/status[39m
[35m[HTTP][39m [90m{}[39m
[35m[HTTP][39m [37m<-- GET /wd/hub/status [39m[32m200[39m [90m1 ms - 68[39m
[35m[HTTP][39m [90m[39m
[35m[HTTP][39m [37m-->[39m [37mPOST[39m [37m/wd/hub/session/c22a2822-1027-41c1-ad61-a7394a07477f/timeouts[39m
[35m[HTTP][39m [90m{"implicit":60000}[39m
[35m[HTTP][39m [37m<-- POST /wd/hub/session/c22a2822-1027-41c1-ad61-a7394a07477f/timeouts [39m[32m200[39m [90m13 ms - 14[39m
[35m[HTTP][39m [90m[39m
[35m[HTTP][39m [37m-->[39m [37mGET[39m [37m/wd/hub/session/c22a2822-1027-41c1-ad61-a7394a07477f/source[39m
[35m[HTTP][39m [90m{}[39m
[35m[W3C (c22a2822)][39m Driver proxy active, passing request on via HTTP proxy
[35m[WD Proxy][39m Replacing sessionId e8151689-db79-472c-b219-cab1e62d1ec7 with c22a2822-1027-41c1-ad61-a7394a07477f
[35m[HTTP][39m [37m<-- GET /wd/hub/session/c22a2822-1027-41c1-ad61-a7394a07477f/source [39m[32m200[39m [90m373 ms - 1883[39m
[35m[HTTP][39m [90m[39m
[35m[HTTP][39m [37m-->[39m [37mGET[39m [37m/wd/hub/session/c22a2822-1027-41c1-ad61-a7394a07477f/screenshot[39m
[35m[HTTP][39m [90m{}[39m
[35m[HTTP][39m [37m<-- GET /wd/hub/session/c22a2822-1027-41c1-ad61-a7394a07477f/screenshot [39m[32m200[39m [90m431 ms - 56792[39m
[35m[HTTP][39m [90m[39m
[35m[HTTP][39m [37m-->[39m [37mGET[39m [37m/wd/hub/session/c22a2822-1027-41c1-ad61-a7394a07477f/source[39m
[35m[HTTP][39m [90m{}[39m
[35m[W3C (c22a2822)][39m Driver proxy active, passing request on via HTTP proxy
[35m[WD Proxy][39m Replacing sessionId e8151689-db79-472c-b219-cab1e62d1ec7 with c22a2822-1027-41c1-ad61-a7394a07477f
[35m[HTTP][39m [37m<-- GET /wd/hub/session/c22a2822-1027-41c1-ad61-a7394a07477f/source [39m[32m200[39m [90m1600 ms - 46921[39m
[35m[HTTP][39m [90m[39m
[35m[HTTP][39m [37m-->[39m [37mGET[39m [37m/wd/hub/session/c22a2822-1027-41c1-ad61-a7394a07477f/screenshot[39m
[35m[HTTP][39m [90m{}[39m
[35m[HTTP][39m [37m<-- GET /wd/hub/session/c22a2822-1027-41c1-ad61-a7394a07477f/screenshot [39m[32m200[39m [90m967 ms - 441390[39m
[35m[HTTP][39m [90m[39m
[35m[HTTP][39m [37m-->[39m [37mGET[39m [37m/wd/hub/session/c22a2822-1027-41c1-ad61-a7394a07477f/source[39m
[35m[HTTP][39m [90m{}[39m
[35m[W3C (c22a2822)][39m Driver proxy active, passing request on via HTTP proxy
[35m[WD Proxy][39m Replacing sessionId e8151689-db79-472c-b219-cab1e62d1ec7 with c22a2822-1027-41c1-ad61-a7394a07477f
[35m[HTTP][39m [37m<-- GET /wd/hub/session/c22a2822-1027-41c1-ad61-a7394a07477f/source [39m[32m200[39m [90m708 ms - 25587[39m
[35m[HTTP][39m [90m[39m
[35m[HTTP][39m [37m-->[39m [37mGET[39m [37m/wd/hub/session/c22a2822-1027-41c1-ad61-a7394a07477f/screenshot[39m
[35m[HTTP][39m [90m{}[39m
[35m[HTTP][39m [37m<-- GET /wd/hub/session/c22a2822-1027-41c1-ad61-a7394a07477f/screenshot [39m[32m200[39m [90m732 ms - 358308[39m
[35m[HTTP][39m [90m[39m
[35m[HTTP][39m [37m-->[39m [37mGET[39m [37m/wd/hub/session/c22a2822-1027-41c1-ad61-a7394a07477f/source[39m
[35m[HTTP][39m [90m{}[39m
[35m[W3C (c22a2822)][39m Driver proxy active, passing request on via HTTP proxy
[35m[WD Proxy][39m Replacing sessionId e8151689-db79-472c-b219-cab1e62d1ec7 with c22a2822-1027-41c1-ad61-a7394a07477f
[35m[HTTP][39m [37m<-- GET /wd/hub/session/c22a2822-1027-41c1-ad61-a7394a07477f/source [39m[32m200[39m [90m477 ms - 37643[39m
[35m[HTTP][39m [90m[39m
[35m[HTTP][39m [37m-->[39m [37mGET[39m [37m/wd/hub/session/c22a2822-1027-41c1-ad61-a7394a07477f/screenshot[39m
[35m[HTTP][39m [90m{}[39m
[35m[HTTP][39m [37m<-- GET /wd/hub/session/c22a2822-1027-41c1-ad61-a7394a07477f/screenshot [39m[32m200[39m [90m546 ms - 160102[39m
[35m[HTTP][39m [90m[39m
[35m[HTTP][39m [37m-->[39m [37mGET[39m [37m/wd/hub/session/c22a2822-1027-41c1-ad61-a7394a07477f/source[39m
[35m[HTTP][39m [90m{}[39m
[35m[W3C (c22a2822)][39m Driver proxy active, passing request on via HTTP proxy
[35m[WD Proxy][39m Replacing sessionId e8151689-db79-472c-b219-cab1e62d1ec7 with c22a2822-1027-41c1-ad61-a7394a07477f
[35m[HTTP][39m [37m<-- GET /wd/hub/session/c22a2822-1027-41c1-ad61-a7394a07477f/source [39m[32m200[39m [90m820 ms - 25463[39m
[35m[HTTP][39m [90m[39m
[35m[HTTP][39m [37m-->[39m [37mGET[39m [37m/wd/hub/session/c22a2822-1027-41c1-ad61-a7394a07477f/screenshot[39m
[35m[HTTP][39m [90m{}[39m
[35m[HTTP][39m [37m<-- GET /wd/hub/session/c22a2822-1027-41c1-ad61-a7394a07477f/screenshot [39m[32m200[39m [90m664 ms - 182016[39m
[35m[HTTP][39m [90m[39m
[35m[HTTP][39m [37m-->[39m [37mDELETE[39m [37m/wd/hub/session/c22a2822-1027-41c1-ad61-a7394a07477f[39m
[35m[HTTP][39m [90m{}[39m
[35m[Appium][39m Removing session c22a2822-1027-41c1-ad61-a7394a07477f from our master session list
[35m[HTTP][39m [37m<-- DELETE /wd/hub/session/c22a2822-1027-41c1-ad61-a7394a07477f [39m[32m200[39m [90m270 ms - 14[39m
[35m[HTTP][39m [90m[39m
